<?xml version="1.0" encoding="UTF-8"?>
<!-- Generated by org.testng.reporters.JUnitReportReporter -->
<testsuite skipped="0" hostname="DESKTOP-KDGFHHL" name="org.testng.QuestionOne" tests="1" failures="0" timestamp="12 Aug 2021 16:24:08 GMT" time="5.517" errors="0">
  <testcase name="fbLoginTest" time="5.517" classname="org.testng.QuestionOne"/>
</testsuite> <!-- org.testng.QuestionOne -->
