<?xml version="1.0" encoding="UTF-8"?>
<!-- Generated by org.testng.reporters.JUnitReportReporter -->
<testsuite skipped="1" hostname="DESKTOP-KDGFHHL" name="org.testng.TestNgPriorityEnabledInvocationCount" tests="6" failures="0" timestamp="11 Aug 2021 15:11:04 GMT" time="0.086" errors="0">
  <testcase name="tc4" time="0.018" classname="org.testng.TestNgPriorityEnabledInvocationCount"/>
  <testcase name="tc3" time="0.009" classname="org.testng.TestNgPriorityEnabledInvocationCount"/>
  <testcase name="tc3" time="0.041" classname="org.testng.TestNgPriorityEnabledInvocationCount"/>
  <testcase name="tc3" time="0.009" classname="org.testng.TestNgPriorityEnabledInvocationCount"/>
  <testcase name="tc1" time="0.009" classname="org.testng.TestNgPriorityEnabledInvocationCount"/>
  <testcase name="tc2" classname="org.testng.TestNgPriorityEnabledInvocationCount">
    <skipped/>
  </testcase> <!-- tc2 -->
</testsuite> <!-- org.testng.TestNgPriorityEnabledInvocationCount -->
