<?xml version="1.0" encoding="UTF-8"?>
<!-- Generated by org.testng.reporters.JUnitReportReporter -->
<testsuite skipped="0" hostname="DESKTOP-KDGFHHL" name="org.testng.QuestionFour" tests="3" failures="0" timestamp="17 Aug 2021 16:41:21 GMT" time="13.823" errors="0">
  <testcase name="testCase1" time="3.837" classname="org.testng.QuestionFour"/>
  <testcase name="testCase1" time="3.277" classname="org.testng.QuestionFour"/>
  <testcase name="testCase1" time="6.709" classname="org.testng.QuestionFour"/>
</testsuite> <!-- org.testng.QuestionFour -->
