<?xml version="1.0" encoding="UTF-8"?>
<!-- Generated by org.testng.reporters.JUnitReportReporter -->
<testsuite skipped="0" hostname="DESKTOP-KDGFHHL" name="org.testng.DemoTestNg" tests="3" failures="0" timestamp="09 Aug 2021 19:16:47 GMT" time="0.057" errors="0">
  <testcase name="testCase2" time="0.020" classname="org.testng.DemoTestNg"/>
  <testcase name="testCase3" time="0.014" classname="org.testng.DemoTestNg"/>
  <testcase name="testCase1" time="0.023" classname="org.testng.DemoTestNg"/>
</testsuite> <!-- org.testng.DemoTestNg -->
