<?xml version="1.0" encoding="UTF-8"?>
<!-- Generated by org.testng.reporters.JUnitReportReporter -->
<testsuite skipped="0" hostname="DESKTOP-KDGFHHL" name="org.testng.DataProviderTest" tests="4" failures="0" timestamp="16 Aug 2021 17:30:28 GMT" time="37.047" errors="0">
  <testcase name="fbLoginTest" time="6.267" classname="org.testng.DataProviderTest"/>
  <testcase name="fbLoginTest" time="3.519" classname="org.testng.DataProviderTest"/>
  <testcase name="fbLoginTest" time="23.966" classname="org.testng.DataProviderTest"/>
  <testcase name="fbLoginTest" time="3.295" classname="org.testng.DataProviderTest"/>
</testsuite> <!-- org.testng.DataProviderTest -->
