<?xml version="1.0" encoding="UTF-8"?>
<!-- Generated by org.testng.reporters.JUnitReportReporter -->
<testsuite skipped="0" hostname="DESKTOP-KDGFHHL" name="org.testng.GroupTest" tests="1" failures="0" timestamp="16 Aug 2021 16:46:27 GMT" time="0.022" errors="0">
  <testcase name="tc3" time="0.022" classname="org.testng.GroupTest"/>
</testsuite> <!-- org.testng.GroupTest -->
